<?xml version='1.0' encoding='UTF-8'?>
<testsuite hostname="pc044" name="sushishop.SushiSimulation" tests="1" errors="0" failures="0" skipped="0" time="1266614.544" timestamp="2020-12-16T21:51:38">
                     <properties>
      <property name="java.specification.version" value="13"/><property name="sun.cpu.isalist" value="amd64"/><property name="sun.jnu.encoding" value="Cp1252"/><property name="sun.arch.data.model" value="64"/><property name="sbt.supershell" value="false"/><property name="java.vendor.url" value="https://java.oracle.com/"/><property name="sun.boot.library.path" value="C:\Program Files\Java\jdk-11\bin"/><property name="sun.java.command" value="C:\Users\manakova.g\AppData\Roaming\JetBrains\IdeaIC2020.3\plugins\Scala\launcher\sbt-launch.jar early(addPluginSbtFile=&quot;&quot;&quot;C:\Users\manakova.g\AppData\Local\Temp\idea1.sbt&quot;&quot;&quot;) ; set ideaPort in Global := 35065 ; idea-shell"/><property name="jdk.debug" value="release"/><property name="sun.stderr.encoding" value="cp437"/><property name="java.specification.vendor" value="Oracle Corporation"/><property name="os.detected.version" value="10.0"/><property name="os.detected.classifier" value="windows-x86_64"/><property name="java.version.date" value="2019-10-15"/><property name="java.home" value="C:\Program Files\Java\jdk-11"/><property name="os.detected.version.minor" value="0"/><property name="file.separator" value="\"/><property name="java.vm.compressedOopsMode" value="32-bit"/><property name="line.separator" value="
"/><property name="sun.stdout.encoding" value="cp437"/><property name="java.vm.specification.vendor" value="Oracle Corporation"/><property name="java.specification.name" value="Java Platform API Specification"/><property name="user.script" value=""/><property name="sun.management.compiler" value="HotSpot 64-Bit Tiered Compilers"/><property name="java.runtime.version" value="13.0.1+9"/><property name="user.name" value="manakova.g"/><property name="log4j.ignoreTCL" value="true"/><property name="file.encoding" value="UTF-8"/><property name="jnidispatch.path" value="C:\Users\manakova.g\AppData\Local\Temp\jna--1675966897\jna8693233139674753670.dll"/><property name="jna.loaded" value="true"/><property name="java.io.tmpdir" value="C:\Users\manakova.g\AppData\Local\Temp\"/><property name="java.version" value="13.0.1"/><property name="java.vm.specification.name" value="Java Virtual Machine Specification"/><property name="sun.os.patch.level" value=""/><property name="java.library.path" value="C:\Program Files\Java\jdk-11\bin;C:\WINDOWS\Sun\Java\bin;C:\WINDOWS\system32;C:\WINDOWS;C:\Program Files (x86)\Micro Focus\NV\lib\shunra\vcat;C:\Program Files\Micro Focus\NV\lib\shunra\vcat;C:\Program Files (x86)\Common Files\Oracle\Java\javapath;C:\WINDOWS\system32;C:\WINDOWS;C:\WINDOWS\System32\Wbem;C:\WINDOWS\System32\WindowsPowerShell\v1.0\;C:\WINDOWS\System32\OpenSSH\;C:\Users\manakova.g\.dnx\bin;C:\Program Files\Microsoft DNX\Dnvm\;C:\Program Files\Microsoft SQL Server\130\Tools\Binn\;C:\Program Files (x86)\Intel\Intel(R) Management Engine Components\DAL;C:\Program Files\Intel\Intel(R) Management Engine Components\DAL;C:\Program Files\dotnet\;C:\Program Files (x86)\Microsoft SQL Server\150\DTS\Binn\;C:\Program Files\Microsoft SQL Server\Client SDK\ODBC\170\Tools\Binn\;C:\Program Files\Git\cmd;C:\Program Files\PuTTY\;C:\allure-2.13.0\bin;C:\Program Files\Java\jdk-11\bin;C:\chromedriver;C:\Program Files (x86)\HP\LoadRunner\strawberry-perl\perl\bin;C:\Program Files (x86)\Micro Focus\NV\lib\thirdparty\safenet\LDK\7.0;C:\Program Files (x86)\Micro Focus\NV\lib\shunra\snv;C:\Program Files (x86)\sbt\bin;C:\Program Files\Docker\Docker\resources\bin;C:\ProgramData\DockerDesktop\version-bin;C:\Program Files\k6\;C:\Users\manakova.g\AppData\Local\Programs\Python\Python39\Scripts\;C:\Users\manakova.g\AppData\Local\Programs\Python\Python39\;C:\Users\manakova.g\AppData\Local\Microsoft\WindowsApps;C:\Users\manakova.g\.dotnet\tools;C:\Users\manakova.g\AppData\Local\Microsoft\WindowsApps;;C:\Program Files\JetBrains\PyCharm Community Edition 2020.2.3\bin;;C:\Users\manakova.g\.dotnet\tools;C:\Users\manakova.g\AppData\Local\Programs\Microsoft VS Code\bin;."/><property name="java.vendor" value="Oracle Corporation"/><property name="sun.io.unicode.encoding" value="UnicodeLittle"/><property name="os.detected.arch" value="x86_64"/><property name="java.class.path" value="C:\Users\manakova.g\AppData\Roaming\JetBrains\IdeaIC2020.3\plugins\Scala\launcher\sbt-launch.jar"/><property name="java.vm.vendor" value="Oracle Corporation"/><property name="user.variant" value=""/><property name="jline.shutdownhook" value="false"/><property name="user.timezone" value="Europe/Moscow"/><property name="java.vm.specification.version" value="13"/><property name="os.name" value="Windows 10"/><property name="sun.java.launcher" value="SUN_STANDARD"/><property name="user.country" value="US"/><property name="sun.cpu.endian" value="little"/><property name="user.home" value="C:\Users\manakova.g"/><property name="user.language" value="en"/><property name="swoval.tmpdir" value="C:\Users\manakova.g\.sbt\1.0"/><property name="jline.esc.timeout" value="0"/><property name="path.separator" value=";"/><property name="os.detected.version.major" value="10"/><property name="os.version" value="10.0"/><property name="jna.nosys" value="true"/><property name="java.runtime.name" value="OpenJDK Runtime Environment"/><property name="sbt.log.noformat" value="true"/><property name="os.detected.name" value="windows"/><property name="java.vm.name" value="OpenJDK 64-Bit Server VM"/><property name="java.vendor.url.bug" value="https://bugreport.java.com/bugreport/"/><property name="user.dir" value="C:\Users\manakova.g\Desktop\load\gatling\testsushi\sushi"/><property name="os.arch" value="amd64"/><property name="idea.managed" value="true"/><property name="java.vm.info" value="mixed mode, sharing"/><property name="java.vm.version" value="13.0.1+9"/><property name="java.class.version" value="57.0"/>
    </properties>
                     <testcase classname="sushishop.SushiSimulation" name="" time="1266614.544">
                                                 
                                               </testcase>
                     <system-out><![CDATA[]]></system-out>
                     <system-err><![CDATA[]]></system-err>
                   </testsuite>